# JRE version: Java(TM) SE Runtime Environment (8.0_191-b12) (build 1.8.0_191-b12)
# Java VM: Java HotSpot(TM) 64-Bit Server VM (25.191-b12 mixed mode windows-amd64 compressed oops)
Heap:
 PSYoungGen      total 38400K, used 7425K [0x00000000d5f00000, 0x00000000da600000, 0x0000000100000000)
  eden space 33280K, 22% used [0x00000000d5f00000,0x00000000d66407b0,0x00000000d7f80000)
  from space 5120K, 0% used [0x00000000d8480000,0x00000000d8480000,0x00000000d8980000)
  to   space 5120K, 0% used [0x00000000d7f80000,0x00000000d7f80000,0x00000000d8480000)
 ParOldGen       total 160768K, used 72727K [0x0000000081c00000, 0x000000008b900000, 0x00000000d5f00000)
  object space 160768K, 45% used [0x0000000081c00000,0x0000000086305f28,0x000000008b900000)
 Metaspace       used 14133K, capacity 14318K, committed 14464K, reserved 1062912K
  class space    used 1560K, capacity 1626K, committed 1664K, reserved 1048576K
GC Heap History (10 events):
Event: 3.773 GC heap before
{Heap before GC invocations=2 (full 0):
 PSYoungGen      total 38400K, used 37784K [0x00000000d5f00000, 0x00000000d8980000, 0x0000000100000000)
  eden space 33280K, 98% used [0x00000000d5f00000,0x00000000d7ee7d50,0x00000000d7f80000)
  from space 5120K, 99% used [0x00000000d7f80000,0x00000000d847e620,0x00000000d8480000)
  to   space 5120K, 0% used [0x00000000d8480000,0x00000000d8480000,0x00000000d8980000)
 ParOldGen       total 87552K, used 12664K [0x0000000081c00000, 0x0000000087180000, 0x00000000d5f00000)
  object space 87552K, 14% used [0x0000000081c00000,0x000000008285e210,0x0000000087180000)
 Metaspace       used 12388K, capacity 12588K, committed 12800K, reserved 1060864K
  class space    used 1407K, capacity 1487K, committed 1536K, reserved 1048576K
Event: 3.784 GC heap after
Heap after GC invocations=2 (full 0):
 PSYoungGen      total 38400K, used 5113K [0x00000000d5f00000, 0x00000000d8980000, 0x0000000100000000)
  eden space 33280K, 0% used [0x00000000d5f00000,0x00000000d5f00000,0x00000000d7f80000)
  from space 5120K, 99% used [0x00000000d8480000,0x00000000d897e700,0x00000000d8980000)
  to   space 5120K, 0% used [0x00000000d7f80000,0x00000000d7f80000,0x00000000d8480000)
 ParOldGen       total 87552K, used 33719K [0x0000000081c00000, 0x0000000087180000, 0x00000000d5f00000)
  object space 87552K, 38% used [0x0000000081c00000,0x0000000083cedf80,0x0000000087180000)
 Metaspace       used 12388K, capacity 12588K, committed 12800K, reserved 1060864K
  class space    used 1407K, capacity 1487K, committed 1536K, reserved 1048576K
}
Event: 9.587 GC heap before
{Heap before GC invocations=3 (full 0):
 PSYoungGen      total 38400K, used 38393K [0x00000000d5f00000, 0x00000000d8980000, 0x0000000100000000)
  eden space 33280K, 100% used [0x00000000d5f00000,0x00000000d7f80000,0x00000000d7f80000)
  from space 5120K, 99% used [0x00000000d8480000,0x00000000d897e700,0x00000000d8980000)
  to   space 5120K, 0% used [0x00000000d7f80000,0x00000000d7f80000,0x00000000d8480000)
 ParOldGen       total 87552K, used 33719K [0x0000000081c00000, 0x0000000087180000, 0x00000000d5f00000)
  object space 87552K, 38% used [0x0000000081c00000,0x0000000083cedf80,0x0000000087180000)
 Metaspace       used 13280K, capacity 13484K, committed 13696K, reserved 1060864K
  class space    used 1508K, capacity 1587K, committed 1664K, reserved 1048576K
Event: 9.598 GC heap after
Heap after GC invocations=3 (full 0):
 PSYoungGen      total 38400K, used 5119K [0x00000000d5f00000, 0x00000000d8980000, 0x0000000100000000)
  eden space 33280K, 0% used [0x00000000d5f00000,0x00000000d5f00000,0x00000000d7f80000)
  from space 5120K, 99% used [0x00000000d7f80000,0x00000000d847fe08,0x00000000d8480000)
  to   space 5120K, 0% used [0x00000000d8480000,0x00000000d8480000,0x00000000d8980000)
 ParOldGen       total 87552K, used 61059K [0x0000000081c00000, 0x0000000087180000, 0x00000000d5f00000)
  object space 87552K, 69% used [0x0000000081c00000,0x00000000857a0d80,0x0000000087180000)
 Metaspace       used 13280K, capacity 13484K, committed 13696K, reserved 1060864K
  class space    used 1508K, capacity 1587K, committed 1664K, reserved 1048576K
}
Event: 9.598 GC heap before
{Heap before GC invocations=4 (full 1):
 PSYoungGen      total 38400K, used 5119K [0x00000000d5f00000, 0x00000000d8980000, 0x0000000100000000)
  eden space 33280K, 0% used [0x00000000d5f00000,0x00000000d5f00000,0x00000000d7f80000)
  from space 5120K, 99% used [0x00000000d7f80000,0x00000000d847fe08,0x00000000d8480000)
  to   space 5120K, 0% used [0x00000000d8480000,0x00000000d8480000,0x00000000d8980000)
 ParOldGen       total 87552K, used 61059K [0x0000000081c00000, 0x0000000087180000, 0x00000000d5f00000)
  object space 87552K, 69% used [0x0000000081c00000,0x00000000857a0d80,0x0000000087180000)
 Metaspace       used 13280K, capacity 13484K, committed 13696K, reserved 1060864K
  class space    used 1508K, capacity 1587K, committed 1664K, reserved 1048576K
Event: 9.614 GC heap after
Heap after GC invocations=4 (full 1):
 PSYoungGen      total 38400K, used 0K [0x00000000d5f00000, 0x00000000d8980000, 0x0000000100000000)
  eden space 33280K, 0% used [0x00000000d5f00000,0x00000000d5f00000,0x00000000d7f80000)
  from space 5120K, 0% used [0x00000000d7f80000,0x00000000d7f80000,0x00000000d8480000)
  to   space 5120K, 0% used [0x00000000d8480000,0x00000000d8480000,0x00000000d8980000)
 ParOldGen       total 122880K, used 57664K [0x0000000081c00000, 0x0000000089400000, 0x00000000d5f00000)
  object space 122880K, 46% used [0x0000000081c00000,0x00000000854501c0,0x0000000089400000)
 Metaspace       used 13280K, capacity 13484K, committed 13696K, reserved 1060864K
  class space    used 1508K, capacity 1587K, committed 1664K, reserved 1048576K
}
Event: 10.500 GC heap before
{Heap before GC invocations=5 (full 1):
 PSYoungGen      total 38400K, used 33280K [0x00000000d5f00000, 0x00000000d8980000, 0x0000000100000000)
  eden space 33280K, 100% used [0x00000000d5f00000,0x00000000d7f80000,0x00000000d7f80000)
  from space 5120K, 0% used [0x00000000d7f80000,0x00000000d7f80000,0x00000000d8480000)
  to   space 5120K, 0% used [0x00000000d8480000,0x00000000d8480000,0x00000000d8980000)
 ParOldGen       total 122880K, used 57664K [0x0000000081c00000, 0x0000000089400000, 0x00000000d5f00000)
  object space 122880K, 46% used [0x0000000081c00000,0x00000000854501c0,0x0000000089400000)
 Metaspace       used 13748K, capacity 13926K, committed 14208K, reserved 1062912K
  class space    used 1555K, capacity 1626K, committed 1664K, reserved 1048576K
Event: 10.528 GC heap after
Heap after GC invocations=5 (full 1):
 PSYoungGen      total 38400K, used 400K [0x00000000d5f00000, 0x00000000da600000, 0x0000000100000000)
  eden space 33280K, 0% used [0x00000000d5f00000,0x00000000d5f00000,0x00000000d7f80000)
  from space 5120K, 7% used [0x00000000d8480000,0x00000000d84e4010,0x00000000d8980000)
  to   space 5120K, 0% used [0x00000000d7f80000,0x00000000d7f80000,0x00000000d8480000)
 ParOldGen       total 122880K, used 87240K [0x0000000081c00000, 0x0000000089400000, 0x00000000d5f00000)
  object space 122880K, 70% used [0x0000000081c00000,0x0000000087132220,0x0000000089400000)
 Metaspace       used 13748K, capacity 13926K, committed 14208K, reserved 1062912K
  class space    used 1555K, capacity 1626K, committed 1664K, reserved 1048576K
}
Event: 10.528 GC heap before
{Heap before GC invocations=6 (full 2):
 PSYoungGen      total 38400K, used 400K [0x00000000d5f00000, 0x00000000da600000, 0x0000000100000000)
  eden space 33280K, 0% used [0x00000000d5f00000,0x00000000d5f00000,0x00000000d7f80000)
  from space 5120K, 7% used [0x00000000d8480000,0x00000000d84e4010,0x00000000d8980000)
  to   space 5120K, 0% used [0x00000000d7f80000,0x00000000d7f80000,0x00000000d8480000)
 ParOldGen       total 122880K, used 87240K [0x0000000081c00000, 0x0000000089400000, 0x00000000d5f00000)
  object space 122880K, 70% used [0x0000000081c00000,0x0000000087132220,0x0000000089400000)
 Metaspace       used 13748K, capacity 13926K, committed 14208K, reserved 1062912K
  class space    used 1555K, capacity 1626K, committed 1664K, reserved 1048576K
Event: 10.552 GC heap after
Heap after GC invocations=6 (full 2):
 PSYoungGen      total 38400K, used 0K [0x00000000d5f00000, 0x00000000da600000, 0x0000000100000000)
  eden space 33280K, 0% used [0x00000000d5f00000,0x00000000d5f00000,0x00000000d7f80000)
  from space 5120K, 0% used [0x00000000d8480000,0x00000000d8480000,0x00000000d8980000)
  to   space 5120K, 0% used [0x00000000d7f80000,0x00000000d7f80000,0x00000000d8480000)
 ParOldGen       total 160768K, used 72727K [0x0000000081c00000, 0x000000008b900000, 0x00000000d5f00000)
  object space 160768K, 45% used [0x0000000081c00000,0x0000000086305f28,0x000000008b900000)
 Metaspace       used 13748K, capacity 13926K, committed 14208K, reserved 1062912K
  class space    used 1555K, capacity 1626K, committed 1664K, reserved 1048576K
}

